
> mei-lunch@1.0.0 build
> next build

   Γû▓ Next.js 15.1.0

   Creating an optimized production build ...
 Γ£ô Compiled successfully
   Linting and checking validity of types ...
node.exe : Failed to compile.
At line:1 char:1
+ & "C:\Program 
Files\nodejs/node.exe" 
"C:\Program 
Files\nodejs/node_mo ...
+ ~~~~~~~~~~~~~~~~~~~~~~~~~~~
~~~~~~~~~~~~~~~~~~~~~~~~~~~~~
~~~~~~~~~~~~~
    + CategoryInfo           
   : NotSpecified: (Failed   
  to compile.:String) [],    
 RemoteException
    + FullyQualifiedErrorId  
   : NativeCommandError
 

./components/AlertSimulation.
tsx:19:40
Type error: Property 'find' 
does not exist on type '() 
=> Student[]'.

[0m [90m 17 |[39m         
    setNotReturnedStudents(la
te[33m.[39mmap(p 
[33m=>[39m ({[0m
[0m [90m 18 |[39m         
        
[33m...[39mp[33m,[39m[0m
[0m[31m[1m>[22m[39m[90m
 19 |[39m                 
student[33m:[39m [33mMOCK_
STUDENTS[39m[33m.[39mfind(
s [33m=>[39m 
s[33m.[39mid [33m===[39m 
p[33m.[39mstudentId)[0m
[0m [90m    |[39m         
                             
  [31m[1m^[22m[39m[0m
[0m [90m 20 |[39m         
    })))[33m;[39m[0m
[0m [90m 21 |[39m         
}[33m;[39m[0m
[0m [90m 22 |[39m         
update()[33m;[39m[0m
